<?xml version="1.0" encoding="UTF-8"?>
<!-- Generated by org.testng.reporters.JUnitReportReporter -->
<testsuite hostname="LAPTOP-GJCB745R" failures="0" tests="1" name="test.ZerodhaLoginPageTest" time="7.324" errors="0" timestamp="2022-07-01T16:22:48 IST" skipped="0">
  <testcase classname="test.ZerodhaLoginPageTest" name="loginPageTest" time="7.324"/>
  <system-out/>
</testsuite> <!-- test.ZerodhaLoginPageTest -->
