<?xml version="1.0" encoding="UTF-8"?>
<!-- Generated by org.testng.reporters.JUnitReportReporter -->
<testsuite hostname="LAPTOP-GJCB745R" failures="0" tests="1" name="test.FacebookSignUpTest" time="16.229" errors="0" timestamp="2022-06-30T00:03:20 IST" skipped="0">
  <testcase classname="test.FacebookSignUpTest" name="facebookSignUpPageTest" time="16.229"/>
  <system-out/>
</testsuite> <!-- test.FacebookSignUpTest -->
